<?xml version="1.0" encoding="UTF-8"?>
<!-- Generated by org.testng.reporters.JUnitReportReporter -->
<testsuite skipped="0" hostname="Abhijeet-PC" name="com.flipkart.testcases.HomePageTest" tests="2" failures="0" timestamp="20 Apr 2020 19:34:02 GMT" time="36.626" errors="0">
  <testcase name="verifyUserNameTest" time="18.360" classname="com.flipkart.testcases.HomePageTest"/>
  <testcase name="searchResultTest" time="18.266" classname="com.flipkart.testcases.HomePageTest"/>
</testsuite> <!-- com.flipkart.testcases.HomePageTest -->
