<?xml version="1.0" encoding="UTF-8"?>
<!-- Generated by org.testng.reporters.JUnitReportReporter -->
<testsuite skipped="0" hostname="Abhijeet-PC" name="com.flipkart.testcases.ProductSelectTest" tests="1" failures="0" timestamp="20 Apr 2020 19:32:48 GMT" time="24.068" errors="0">
  <testcase name="selectItemTest" time="24.068" classname="com.flipkart.testcases.ProductSelectTest"/>
</testsuite> <!-- com.flipkart.testcases.ProductSelectTest -->
